+ srun python 01-single-host-8-GPUs.py
┌───────────────────────┐
│                       │
│                       │
│                       │
│                       │
│         GPU 0         │
│                       │
│                       │
│                       │
│                       │
└───────────────────────┘
┌──────────┬──────────┐
│          │          │
│  GPU 0   │  GPU 1   │
│          │          │
│          │          │
├──────────┼──────────┤
│          │          │
│  GPU 2   │  GPU 3   │
│          │          │
│          │          │
└──────────┴──────────┘
┌───────┬───────┬───────┬───────┐
│       │       │       │       │
│       │       │       │       │
│       │       │       │       │
│       │       │       │       │
│ GPU 0 │ GPU 1 │ GPU 2 │ GPU 3 │
│       │       │       │       │
│       │       │       │       │
│       │       │       │       │
│       │       │       │       │
└───────┴───────┴───────┴───────┘
┌───────────────────────┐
│         GPU 0         │
├───────────────────────┤
│         GPU 1         │
├───────────────────────┤
│         GPU 2         │
├───────────────────────┤
│         GPU 3         │
└───────────────────────┘
